[2025-10-26 19:10:58] Pump Service started - IMPROVED VERSION
[2025-10-26 19:14:34] Pump Service started - CORRECTED VERSION
[2025-10-26 19:14:34] Working directory: C:\laragon\www\iorpms
[2025-10-26 19:14:34] Service loop started - waiting for commands
[2025-10-26 19:14:34] Checking queue for commands...
[2025-10-26 19:14:34] Queue size: 13
[2025-10-26 19:14:34] Processing 13 commands
[2025-10-26 19:14:34] Executing: wakeup (ID: wakeup_68fe58e3e5e1c)
[2025-10-26 19:14:34] Opening COM3 for command execution...
[2025-10-26 19:14:34] Command wakeup_68fe58e3e5e1c failed: Cannot open COM3: fopen(\\.\COM3): Failed to open stream: Permission denied
[2025-10-26 19:14:34] Executing: wakeup (ID: wakeup_68fe58fda060e)
[2025-10-26 19:14:34] Opening COM3 for command execution...
[2025-10-26 19:14:34] Command wakeup_68fe58fda060e failed: Cannot open COM3: fopen(\\.\COM3): Failed to open stream: Permission denied
[2025-10-26 19:14:34] Executing: wakeup (ID: wakeup_68fe596522fb3)
[2025-10-26 19:14:34] Opening COM3 for command execution...
[2025-10-26 19:14:34] Command wakeup_68fe596522fb3 failed: Cannot open COM3: fopen(\\.\COM3): Failed to open stream: Permission denied
[2025-10-26 19:14:34] Executing: wakeup (ID: wakeup_68fe6614bcca6)
[2025-10-26 19:14:34] Opening COM3 for command execution...
[2025-10-26 19:14:34] Command wakeup_68fe6614bcca6 failed: Cannot open COM3: fopen(\\.\COM3): Failed to open stream: Permission denied
[2025-10-26 19:14:34] Executing: wakeup (ID: wakeup_68fe6a6f5665c)
[2025-10-26 19:14:34] Opening COM3 for command execution...
[2025-10-26 19:14:34] Command wakeup_68fe6a6f5665c failed: Cannot open COM3: fopen(\\.\COM3): Failed to open stream: Permission denied
[2025-10-26 19:14:34] Executing: wakeup (ID: wakeup_68fe6a7071677)
[2025-10-26 19:14:34] Opening COM3 for command execution...
[2025-10-26 19:14:34] Command wakeup_68fe6a7071677 failed: Cannot open COM3: fopen(\\.\COM3): Failed to open stream: Permission denied
[2025-10-26 19:14:34] Executing: wakeup (ID: wakeup_68fe6bd74edfa)
[2025-10-26 19:14:34] Opening COM3 for command execution...
[2025-10-26 19:14:34] Command wakeup_68fe6bd74edfa failed: Cannot open COM3: fopen(\\.\COM3): Failed to open stream: Permission denied
[2025-10-26 19:14:34] Executing: wakeup (ID: wakeup_68fe6ee2efbac)
[2025-10-26 19:14:34] Opening COM3 for command execution...
[2025-10-26 19:14:34] Command wakeup_68fe6ee2efbac failed: Cannot open COM3: fopen(\\.\COM3): Failed to open stream: Permission denied
[2025-10-26 19:14:34] Executing: wakeup (ID: wakeup_68fe6eef93aec)
[2025-10-26 19:14:34] Opening COM3 for command execution...
[2025-10-26 19:14:34] Command wakeup_68fe6eef93aec failed: Cannot open COM3: fopen(\\.\COM3): Failed to open stream: Permission denied
[2025-10-26 19:14:34] Executing: wakeup (ID: wakeup_68fe6f4ecccb9)
[2025-10-26 19:14:34] Opening COM3 for command execution...
[2025-10-26 19:14:34] Command wakeup_68fe6f4ecccb9 failed: Cannot open COM3: fopen(\\.\COM3): Failed to open stream: Permission denied
[2025-10-26 19:14:34] Executing: wakeup (ID: wakeup_68fe6fa87b921)
[2025-10-26 19:14:34] Opening COM3 for command execution...
[2025-10-26 19:14:34] Command wakeup_68fe6fa87b921 failed: Cannot open COM3: fopen(\\.\COM3): Failed to open stream: Permission denied
[2025-10-26 19:14:34] Executing: wakeup (ID: wakeup_68fe6fe2ca2a0)
[2025-10-26 19:14:34] Opening COM3 for command execution...
[2025-10-26 19:14:34] Command wakeup_68fe6fe2ca2a0 failed: Cannot open COM3: fopen(\\.\COM3): Failed to open stream: Permission denied
[2025-10-26 19:14:34] Executing: wakeup (ID: wakeup_68fe716d0f6f9)
[2025-10-26 19:14:34] Opening COM3 for command execution...
[2025-10-26 19:14:34] Command wakeup_68fe716d0f6f9 failed: Cannot open COM3: fopen(\\.\COM3): Failed to open stream: Permission denied
[2025-10-26 19:14:34] Processed 13 commands, saved results
[2025-10-26 19:14:34] Checking queue for commands...
[2025-10-26 19:14:34] Queue size: 0
[2025-10-26 19:14:36] Checking queue for commands...
[2025-10-26 19:14:36] Queue size: 0
[2025-10-26 19:14:38] Checking queue for commands...
[2025-10-26 19:14:38] Queue size: 0
[2025-10-26 19:14:40] Checking queue for commands...
[2025-10-26 19:14:40] Queue size: 0
[2025-10-26 19:14:43] Checking queue for commands...
[2025-10-26 19:14:43] Queue size: 0
[2025-10-26 19:14:45] Checking queue for commands...
[2025-10-26 19:14:45] Queue size: 0
[2025-10-26 19:14:47] Checking queue for commands...
[2025-10-26 19:14:47] Queue size: 0
[2025-10-26 19:14:49] Checking queue for commands...
[2025-10-26 19:14:49] Queue size: 0
[2025-10-26 19:14:51] Checking queue for commands...
[2025-10-26 19:14:51] Queue size: 0
[2025-10-26 19:14:53] Checking queue for commands...
[2025-10-26 19:14:53] Queue size: 0
[2025-10-26 19:14:55] Checking queue for commands...
[2025-10-26 19:14:55] Queue size: 0
[2025-10-26 19:14:57] Checking queue for commands...
[2025-10-26 19:14:57] Queue size: 0
[2025-10-26 19:14:59] Checking queue for commands...
[2025-10-26 19:14:59] Queue size: 0
[2025-10-26 19:15:01] Checking queue for commands...
[2025-10-26 19:15:01] Queue size: 0
[2025-10-26 19:15:03] Checking queue for commands...
[2025-10-26 19:15:03] Queue size: 0
[2025-10-26 19:15:05] Checking queue for commands...
[2025-10-26 19:15:05] Queue size: 0
[2025-10-26 19:15:07] Checking queue for commands...
[2025-10-26 19:15:07] Queue size: 0
[2025-10-26 19:15:09] Checking queue for commands...
[2025-10-26 19:15:09] Queue size: 0
[2025-10-26 19:15:11] Checking queue for commands...
[2025-10-26 19:15:11] Queue size: 0
[2025-10-26 19:15:13] Checking queue for commands...
[2025-10-26 19:15:13] Queue size: 0
[2025-10-26 19:15:15] Checking queue for commands...
[2025-10-26 19:15:15] Queue size: 0
[2025-10-26 19:15:17] Checking queue for commands...
[2025-10-26 19:15:17] Queue size: 0
[2025-10-26 19:15:19] Checking queue for commands...
[2025-10-26 19:15:19] Queue size: 0
[2025-10-26 19:15:21] Checking queue for commands...
[2025-10-26 19:15:21] Queue size: 0
[2025-10-26 19:15:23] Checking queue for commands...
[2025-10-26 19:15:23] Queue size: 0
[2025-10-26 19:15:25] Checking queue for commands...
[2025-10-26 19:15:25] Queue size: 0
[2025-10-26 19:15:27] Checking queue for commands...
[2025-10-26 19:15:27] Queue size: 0
[2025-10-26 19:15:29] Checking queue for commands...
[2025-10-26 19:15:29] Queue size: 0
[2025-10-26 19:15:31] Checking queue for commands...
[2025-10-26 19:15:31] Queue size: 0
[2025-10-26 19:15:33] Checking queue for commands...
[2025-10-26 19:15:33] Queue size: 0
[2025-10-26 19:15:35] Checking queue for commands...
[2025-10-26 19:15:35] Queue size: 0
[2025-10-26 19:15:37] Checking queue for commands...
[2025-10-26 19:15:37] Queue size: 0
[2025-10-26 19:15:39] Checking queue for commands...
[2025-10-26 19:15:39] Queue size: 0
[2025-10-26 19:15:41] Checking queue for commands...
[2025-10-26 19:15:41] Queue size: 0
[2025-10-26 19:15:43] Checking queue for commands...
[2025-10-26 19:15:43] Queue size: 0
[2025-10-26 19:15:45] Checking queue for commands...
[2025-10-26 19:15:45] Queue size: 0
[2025-10-26 19:15:47] Checking queue for commands...
[2025-10-26 19:15:47] Queue size: 0
[2025-10-26 19:15:49] Checking queue for commands...
[2025-10-26 19:15:49] Queue size: 0
[2025-10-26 19:15:51] Checking queue for commands...
[2025-10-26 19:15:51] Queue size: 0
[2025-10-26 19:15:53] Checking queue for commands...
[2025-10-26 19:15:53] Queue size: 0
[2025-10-26 19:15:55] Checking queue for commands...
[2025-10-26 19:15:55] Queue size: 0
[2025-10-26 19:15:57] Checking queue for commands...
[2025-10-26 19:15:57] Queue size: 0
[2025-10-26 19:15:59] Checking queue for commands...
[2025-10-26 19:15:59] Queue size: 0
[2025-10-26 19:16:01] Checking queue for commands...
[2025-10-26 19:16:01] Queue size: 0
[2025-10-26 19:16:03] Checking queue for commands...
[2025-10-26 19:16:03] Queue size: 0
[2025-10-26 19:16:05] Checking queue for commands...
[2025-10-26 19:16:05] Queue size: 0
[2025-10-26 19:16:07] Checking queue for commands...
[2025-10-26 19:16:07] Queue size: 0
[2025-10-26 19:16:09] Checking queue for commands...
[2025-10-26 19:16:09] Queue size: 0
[2025-10-26 19:16:11] Checking queue for commands...
[2025-10-26 19:16:11] Queue size: 0
[2025-10-26 19:16:13] Checking queue for commands...
[2025-10-26 19:16:13] Queue size: 0
[2025-10-26 19:16:15] Checking queue for commands...
[2025-10-26 19:16:15] Queue size: 0
[2025-10-26 19:16:17] Checking queue for commands...
[2025-10-26 19:16:17] Queue size: 0
[2025-10-26 19:16:19] Checking queue for commands...
[2025-10-26 19:16:19] Queue size: 0
[2025-10-26 19:16:21] Checking queue for commands...
[2025-10-26 19:16:21] Queue size: 0
[2025-10-26 19:16:23] Checking queue for commands...
[2025-10-26 19:16:23] Queue size: 0
[2025-10-26 19:16:25] Checking queue for commands...
[2025-10-26 19:16:25] Queue size: 0
[2025-10-26 19:16:27] Checking queue for commands...
[2025-10-26 19:16:27] Queue size: 0
[2025-10-26 19:16:29] Checking queue for commands...
[2025-10-26 19:16:29] Queue size: 0
[2025-10-26 19:16:31] Checking queue for commands...
[2025-10-26 19:16:31] Queue size: 0
[2025-10-26 19:16:33] Checking queue for commands...
[2025-10-26 19:16:33] Queue size: 0
[2025-10-26 19:16:35] Checking queue for commands...
[2025-10-26 19:16:35] Queue size: 0
[2025-10-26 19:16:37] Checking queue for commands...
[2025-10-26 19:16:37] Queue size: 0
[2025-10-26 19:16:39] Checking queue for commands...
[2025-10-26 19:16:39] Queue size: 0
[2025-10-26 19:16:41] Checking queue for commands...
[2025-10-26 19:16:41] Queue size: 0
[2025-10-26 19:16:43] Checking queue for commands...
[2025-10-26 19:16:43] Queue size: 0
[2025-10-26 19:16:45] Checking queue for commands...
[2025-10-26 19:16:45] Queue size: 0
[2025-10-26 19:16:47] Checking queue for commands...
[2025-10-26 19:16:47] Queue size: 0
[2025-10-26 19:16:49] Checking queue for commands...
[2025-10-26 19:16:49] Queue size: 0
[2025-10-26 19:16:51] Checking queue for commands...
[2025-10-26 19:16:51] Queue size: 0
[2025-10-26 19:16:53] Checking queue for commands...
[2025-10-26 19:16:53] Queue size: 0
[2025-10-26 19:16:55] Checking queue for commands...
[2025-10-26 19:16:55] Queue size: 0
[2025-10-26 19:16:57] Checking queue for commands...
[2025-10-26 19:16:57] Queue size: 0
[2025-10-26 19:16:59] Checking queue for commands...
[2025-10-26 19:16:59] Queue size: 0
[2025-10-26 19:17:01] Checking queue for commands...
[2025-10-26 19:17:01] Queue size: 0
[2025-10-26 19:17:03] Checking queue for commands...
[2025-10-26 19:17:03] Queue size: 0
[2025-10-26 19:17:05] Checking queue for commands...
[2025-10-26 19:17:05] Queue size: 0
[2025-10-26 19:17:07] Checking queue for commands...
[2025-10-26 19:17:07] Queue size: 0
[2025-10-26 19:17:09] Checking queue for commands...
[2025-10-26 19:17:09] Queue size: 0
[2025-10-26 19:17:11] Checking queue for commands...
[2025-10-26 19:17:11] Queue size: 0
[2025-10-26 19:17:13] Checking queue for commands...
[2025-10-26 19:17:13] Queue size: 0
[2025-10-26 19:17:15] Checking queue for commands...
[2025-10-26 19:17:15] Queue size: 0
[2025-10-26 19:17:17] Checking queue for commands...
[2025-10-26 19:17:17] Queue size: 0
[2025-10-26 19:17:19] Checking queue for commands...
[2025-10-26 19:17:19] Queue size: 0
[2025-10-26 19:17:21] Checking queue for commands...
[2025-10-26 19:17:21] Queue size: 0
[2025-10-26 19:17:23] Checking queue for commands...
[2025-10-26 19:17:23] Queue size: 0
[2025-10-26 19:17:25] Checking queue for commands...
[2025-10-26 19:17:25] Queue size: 0
[2025-10-26 19:17:27] Checking queue for commands...
[2025-10-26 19:17:27] Queue size: 0
[2025-10-26 19:17:29] Checking queue for commands...
[2025-10-26 19:17:29] Queue size: 0
[2025-10-26 19:17:31] Checking queue for commands...
[2025-10-26 19:17:31] Queue size: 0
[2025-10-26 19:17:33] Checking queue for commands...
[2025-10-26 19:17:33] Queue size: 0
[2025-10-26 19:17:35] Checking queue for commands...
[2025-10-26 19:17:35] Queue size: 0
[2025-10-26 19:17:37] Checking queue for commands...
[2025-10-26 19:17:37] Queue size: 0
[2025-10-26 19:17:39] Checking queue for commands...
[2025-10-26 19:17:39] Queue size: 0
[2025-10-26 19:17:41] Checking queue for commands...
[2025-10-26 19:17:42] Queue size: 0
[2025-10-26 19:17:44] Checking queue for commands...
[2025-10-26 19:17:44] Queue size: 0
[2025-10-26 19:17:46] Checking queue for commands...
[2025-10-26 19:17:46] Queue size: 0
[2025-10-26 19:17:48] Checking queue for commands...
[2025-10-26 19:17:48] Queue size: 0
[2025-10-26 19:17:50] Checking queue for commands...
[2025-10-26 19:17:50] Queue size: 0
[2025-10-26 19:17:52] Checking queue for commands...
[2025-10-26 19:17:52] Queue size: 0
[2025-10-26 19:17:54] Checking queue for commands...
[2025-10-26 19:17:54] Queue size: 0
[2025-10-26 19:17:56] Checking queue for commands...
[2025-10-26 19:17:56] Queue size: 0
[2025-10-26 19:17:58] Checking queue for commands...
[2025-10-26 19:17:58] Queue size: 0
[2025-10-26 19:18:00] Checking queue for commands...
[2025-10-26 19:18:00] Queue size: 0
[2025-10-26 19:18:02] Checking queue for commands...
[2025-10-26 19:18:02] Queue size: 0
[2025-10-26 19:18:04] Checking queue for commands...
[2025-10-26 19:18:04] Queue size: 0
[2025-10-26 19:18:06] Checking queue for commands...
[2025-10-26 19:18:06] Queue size: 0
[2025-10-26 19:18:08] Checking queue for commands...
[2025-10-26 19:18:08] Queue size: 0
[2025-10-26 19:18:10] Checking queue for commands...
[2025-10-26 19:18:10] Queue size: 0
[2025-10-26 19:18:12] Checking queue for commands...
[2025-10-26 19:18:12] Queue size: 0
[2025-10-26 19:18:14] Checking queue for commands...
[2025-10-26 19:18:14] Queue size: 0
[2025-10-26 19:18:16] Checking queue for commands...
[2025-10-26 19:18:16] Queue size: 0
[2025-10-26 19:18:18] Checking queue for commands...
[2025-10-26 19:18:18] Queue size: 0
[2025-10-26 19:18:20] Checking queue for commands...
[2025-10-26 19:18:20] Queue size: 0
[2025-10-26 19:18:22] Checking queue for commands...
[2025-10-26 19:18:22] Queue size: 0
[2025-10-26 19:18:24] Checking queue for commands...
[2025-10-26 19:18:24] Queue size: 0
[2025-10-26 19:18:26] Checking queue for commands...
[2025-10-26 19:18:26] Queue size: 0
[2025-10-26 19:18:28] Checking queue for commands...
[2025-10-26 19:18:28] Queue size: 0
[2025-10-26 19:18:30] Checking queue for commands...
[2025-10-26 19:18:30] Queue size: 0
[2025-10-26 19:18:32] Checking queue for commands...
[2025-10-26 19:18:32] Queue size: 0
[2025-10-26 19:18:34] Checking queue for commands...
[2025-10-26 19:18:34] Queue size: 0
[2025-10-26 19:18:36] Checking queue for commands...
[2025-10-26 19:18:36] Queue size: 0
[2025-10-26 19:18:38] Checking queue for commands...
[2025-10-26 19:18:38] Queue size: 0
[2025-10-26 19:18:40] Checking queue for commands...
[2025-10-26 19:18:40] Queue size: 0
[2025-10-26 19:18:42] Checking queue for commands...
[2025-10-26 19:18:42] Queue size: 0
[2025-10-26 19:18:44] Checking queue for commands...
[2025-10-26 19:18:44] Queue size: 0
[2025-10-26 19:18:46] Checking queue for commands...
[2025-10-26 19:18:46] Queue size: 0
[2025-10-26 19:18:48] Checking queue for commands...
[2025-10-26 19:18:48] Queue size: 0
[2025-10-26 19:18:50] Checking queue for commands...
[2025-10-26 19:18:50] Queue size: 0
[2025-10-26 19:18:52] Checking queue for commands...
[2025-10-26 19:18:52] Queue size: 0
[2025-10-26 19:18:54] Checking queue for commands...
[2025-10-26 19:18:54] Queue size: 0
[2025-10-26 19:18:56] Checking queue for commands...
[2025-10-26 19:18:56] Queue size: 0
[2025-10-26 19:18:58] Checking queue for commands...
[2025-10-26 19:18:58] Queue size: 0
[2025-10-26 19:19:00] Checking queue for commands...
[2025-10-26 19:19:00] Queue size: 0
[2025-10-26 19:19:02] Checking queue for commands...
[2025-10-26 19:19:02] Queue size: 0
[2025-10-26 19:19:04] Checking queue for commands...
[2025-10-26 19:19:04] Queue size: 0
[2025-10-26 19:19:06] Checking queue for commands...
[2025-10-26 19:19:06] Queue size: 0
[2025-10-26 19:19:08] Checking queue for commands...
[2025-10-26 19:19:08] Queue size: 0
[2025-10-26 19:19:10] Checking queue for commands...
[2025-10-26 19:19:10] Queue size: 0
[2025-10-26 19:19:12] Checking queue for commands...
[2025-10-26 19:19:12] Queue size: 0
[2025-10-26 19:19:14] Checking queue for commands...
[2025-10-26 19:19:14] Queue size: 0
[2025-10-26 19:19:16] Checking queue for commands...
[2025-10-26 19:19:16] Queue size: 0
[2025-10-26 19:19:18] Checking queue for commands...
[2025-10-26 19:19:18] Queue size: 0
[2025-10-26 19:19:20] Checking queue for commands...
[2025-10-26 19:19:20] Queue size: 0
[2025-10-26 19:19:22] Checking queue for commands...
[2025-10-26 19:19:22] Queue size: 0
[2025-10-26 19:19:24] Checking queue for commands...
[2025-10-26 19:19:24] Queue size: 0
[2025-10-26 19:19:26] Checking queue for commands...
[2025-10-26 19:19:26] Queue size: 0
[2025-10-26 19:19:28] Checking queue for commands...
[2025-10-26 19:19:28] Queue size: 0
[2025-10-26 19:19:30] Checking queue for commands...
[2025-10-26 19:19:30] Queue size: 0
[2025-10-26 19:19:32] Checking queue for commands...
[2025-10-26 19:19:32] Queue size: 0
[2025-10-26 19:19:34] Checking queue for commands...
[2025-10-26 19:19:34] Queue size: 0
[2025-10-26 19:19:36] Checking queue for commands...
[2025-10-26 19:19:36] Queue size: 0
[2025-10-26 19:19:38] Checking queue for commands...
[2025-10-26 19:19:38] Queue size: 0
[2025-10-26 19:19:40] Checking queue for commands...
[2025-10-26 19:19:40] Queue size: 0
[2025-10-26 19:19:42] Checking queue for commands...
[2025-10-26 19:19:42] Queue size: 0
[2025-10-26 19:19:44] Checking queue for commands...
[2025-10-26 19:19:44] Queue size: 0
[2025-10-26 19:19:46] Checking queue for commands...
[2025-10-26 19:19:46] Queue size: 0
[2025-10-26 19:19:48] Checking queue for commands...
[2025-10-26 19:19:48] Queue size: 0
[2025-10-26 19:19:50] Checking queue for commands...
[2025-10-26 19:19:50] Queue size: 0
[2025-10-26 19:19:52] Checking queue for commands...
[2025-10-26 19:19:52] Queue size: 0
[2025-10-26 19:19:54] Checking queue for commands...
[2025-10-26 19:19:54] Queue size: 0
[2025-10-26 19:19:56] Checking queue for commands...
[2025-10-26 19:19:57] Queue size: 0
[2025-10-26 19:19:59] Checking queue for commands...
[2025-10-26 19:19:59] Queue size: 0
[2025-10-26 19:20:01] Checking queue for commands...
[2025-10-26 19:20:01] Queue size: 0
[2025-10-26 19:20:03] Checking queue for commands...
[2025-10-26 19:20:03] Queue size: 0
[2025-10-26 19:20:05] Checking queue for commands...
[2025-10-26 19:20:05] Queue size: 0
[2025-10-26 19:20:07] Checking queue for commands...
[2025-10-26 19:20:07] Queue size: 0
[2025-10-26 19:20:09] Checking queue for commands...
[2025-10-26 19:20:09] Queue size: 0
[2025-10-26 19:20:11] Checking queue for commands...
[2025-10-26 19:20:11] Queue size: 0
[2025-10-26 19:20:13] Checking queue for commands...
[2025-10-26 19:20:13] Queue size: 0
[2025-10-26 19:20:15] Checking queue for commands...
[2025-10-26 19:20:15] Queue size: 0
[2025-10-26 19:20:17] Checking queue for commands...
[2025-10-26 19:20:17] Queue size: 0
[2025-10-26 19:20:19] Checking queue for commands...
[2025-10-26 19:20:19] Queue size: 0
[2025-10-26 19:20:21] Checking queue for commands...
[2025-10-26 19:20:21] Queue size: 0
[2025-10-26 19:20:23] Checking queue for commands...
[2025-10-26 19:20:23] Queue size: 0
[2025-10-26 19:20:25] Checking queue for commands...
[2025-10-26 19:20:25] Queue size: 0
[2025-10-26 19:20:27] Checking queue for commands...
[2025-10-26 19:20:27] Queue size: 0
[2025-10-26 19:20:29] Checking queue for commands...
[2025-10-26 19:20:29] Queue size: 0
[2025-10-26 19:20:31] Checking queue for commands...
[2025-10-26 19:20:31] Queue size: 0
[2025-10-26 19:20:33] Checking queue for commands...
[2025-10-26 19:20:33] Queue size: 0
[2025-10-26 19:20:35] Checking queue for commands...
[2025-10-26 19:20:35] Queue size: 0
[2025-10-26 19:20:37] Checking queue for commands...
[2025-10-26 19:20:37] Queue size: 0
[2025-10-26 19:20:39] Checking queue for commands...
[2025-10-26 19:20:39] Queue size: 0
[2025-10-26 19:20:41] Checking queue for commands...
[2025-10-26 19:20:41] Queue size: 0
[2025-10-26 19:20:43] Checking queue for commands...
[2025-10-26 19:20:43] Queue size: 0
[2025-10-26 19:20:45] Checking queue for commands...
[2025-10-26 19:20:45] Queue size: 0
[2025-10-26 19:20:47] Checking queue for commands...
[2025-10-26 19:20:47] Queue size: 0
[2025-10-26 19:20:49] Checking queue for commands...
[2025-10-26 19:20:49] Queue size: 0
[2025-10-26 19:20:51] Checking queue for commands...
[2025-10-26 19:20:51] Queue size: 0
[2025-10-26 19:20:53] Checking queue for commands...
[2025-10-26 19:20:53] Queue size: 0
[2025-10-26 19:20:55] Checking queue for commands...
[2025-10-26 19:20:55] Queue size: 0
[2025-10-26 19:20:57] Checking queue for commands...
[2025-10-26 19:20:57] Queue size: 0
[2025-10-26 19:20:59] Checking queue for commands...
[2025-10-26 19:20:59] Queue size: 0
[2025-10-26 19:21:01] Checking queue for commands...
[2025-10-26 19:21:01] Queue size: 0
[2025-10-26 19:21:03] Checking queue for commands...
[2025-10-26 19:21:03] Queue size: 0
[2025-10-26 19:21:05] Checking queue for commands...
[2025-10-26 19:21:05] Queue size: 0
[2025-10-26 19:21:07] Checking queue for commands...
[2025-10-26 19:21:07] Queue size: 0
[2025-10-26 19:21:09] Checking queue for commands...
[2025-10-26 19:21:09] Queue size: 0
[2025-10-26 19:21:11] Checking queue for commands...
[2025-10-26 19:21:11] Queue size: 0
[2025-10-26 19:21:13] Checking queue for commands...
[2025-10-26 19:21:13] Queue size: 0
[2025-10-26 19:21:15] Checking queue for commands...
[2025-10-26 19:21:15] Queue size: 0
[2025-10-26 19:21:17] Checking queue for commands...
[2025-10-26 19:21:17] Queue size: 0
[2025-10-26 19:21:19] Checking queue for commands...
[2025-10-26 19:21:19] Queue size: 0
[2025-10-26 19:21:21] Checking queue for commands...
[2025-10-26 19:21:21] Queue size: 0
[2025-10-26 19:21:23] Checking queue for commands...
[2025-10-26 19:21:23] Queue size: 0
[2025-10-26 19:21:25] Checking queue for commands...
[2025-10-26 19:21:25] Queue size: 0
[2025-10-26 19:21:27] Checking queue for commands...
[2025-10-26 19:21:27] Queue size: 0
[2025-10-26 19:21:29] Checking queue for commands...
[2025-10-26 19:21:29] Queue size: 0
[2025-10-26 19:21:31] Checking queue for commands...
[2025-10-26 19:21:31] Queue size: 0
[2025-10-26 19:21:33] Checking queue for commands...
[2025-10-26 19:21:33] Queue size: 0
[2025-10-26 19:21:35] Checking queue for commands...
[2025-10-26 19:21:35] Queue size: 0
[2025-10-26 19:21:37] Checking queue for commands...
[2025-10-26 19:21:37] Queue size: 0
[2025-10-26 19:21:39] Checking queue for commands...
[2025-10-26 19:21:39] Queue size: 0
[2025-10-26 19:21:41] Checking queue for commands...
[2025-10-26 19:21:41] Queue size: 0
[2025-10-26 19:21:43] Checking queue for commands...
[2025-10-26 19:21:43] Queue size: 0
[2025-10-26 19:21:45] Checking queue for commands...
[2025-10-26 19:21:45] Queue size: 0
[2025-10-26 19:21:47] Checking queue for commands...
[2025-10-26 19:21:47] Queue size: 0
[2025-10-26 19:21:49] Checking queue for commands...
[2025-10-26 19:21:49] Queue size: 0
[2025-10-26 19:21:51] Checking queue for commands...
[2025-10-26 19:21:51] Queue size: 0
[2025-10-26 19:21:53] Checking queue for commands...
[2025-10-26 19:21:53] Queue size: 0
[2025-10-26 19:21:55] Checking queue for commands...
[2025-10-26 19:21:55] Queue size: 0
[2025-10-26 19:21:57] Checking queue for commands...
[2025-10-26 19:21:57] Queue size: 0
[2025-10-26 19:21:59] Checking queue for commands...
[2025-10-26 19:21:59] Queue size: 0
[2025-10-26 19:22:01] Checking queue for commands...
[2025-10-26 19:22:01] Queue size: 0
[2025-10-26 19:22:03] Checking queue for commands...
[2025-10-26 19:22:03] Queue size: 0
[2025-10-26 19:22:05] Checking queue for commands...
[2025-10-26 19:22:05] Queue size: 0
[2025-10-26 19:22:07] Checking queue for commands...
[2025-10-26 19:22:07] Queue size: 0
[2025-10-26 19:22:09] Checking queue for commands...
[2025-10-26 19:22:09] Queue size: 0
[2025-10-26 19:22:11] Checking queue for commands...
[2025-10-26 19:22:11] Queue size: 0
[2025-10-26 19:22:13] Checking queue for commands...
[2025-10-26 19:22:13] Queue size: 0
[2025-10-26 19:22:15] Checking queue for commands...
[2025-10-26 19:22:15] Queue size: 0
[2025-10-26 19:22:17] Checking queue for commands...
[2025-10-26 19:22:18] Queue size: 0
[2025-10-26 19:22:20] Checking queue for commands...
[2025-10-26 19:22:20] Queue size: 0
[2025-10-26 19:22:22] Checking queue for commands...
[2025-10-26 19:22:22] Queue size: 0
[2025-10-26 19:22:24] Checking queue for commands...
[2025-10-26 19:22:24] Queue size: 0
[2025-10-26 19:22:26] Checking queue for commands...
[2025-10-26 19:22:26] Queue size: 0
[2025-10-26 19:22:28] Checking queue for commands...
[2025-10-26 19:22:28] Queue size: 0
[2025-10-26 19:22:30] Checking queue for commands...
[2025-10-26 19:22:30] Queue size: 0
[2025-10-26 19:22:32] Checking queue for commands...
[2025-10-26 19:22:32] Queue size: 0
[2025-10-26 19:22:34] Checking queue for commands...
[2025-10-26 19:22:34] Queue size: 0
[2025-10-26 19:22:36] Checking queue for commands...
[2025-10-26 19:22:36] Queue size: 0
[2025-10-26 19:22:38] Checking queue for commands...
[2025-10-26 19:22:38] Queue size: 0
[2025-10-26 19:22:40] Checking queue for commands...
[2025-10-26 19:22:40] Queue size: 0
[2025-10-26 19:22:42] Checking queue for commands...
[2025-10-26 19:22:42] Queue size: 0
[2025-10-26 19:22:44] Checking queue for commands...
[2025-10-26 19:22:44] Queue size: 0
[2025-10-26 19:22:46] Checking queue for commands...
[2025-10-26 19:22:46] Queue size: 0
[2025-10-26 19:22:48] Checking queue for commands...
[2025-10-26 19:22:48] Queue size: 0
[2025-10-26 19:22:50] Checking queue for commands...
[2025-10-26 19:22:50] Queue size: 0
[2025-10-26 19:22:52] Checking queue for commands...
[2025-10-26 19:22:52] Queue size: 0
[2025-10-26 19:22:54] Checking queue for commands...
[2025-10-26 19:22:54] Queue size: 0
[2025-10-26 19:22:56] Checking queue for commands...
[2025-10-26 19:22:56] Queue size: 0
[2025-10-26 19:22:58] Checking queue for commands...
[2025-10-26 19:22:58] Queue size: 0
[2025-10-26 19:23:00] Checking queue for commands...
[2025-10-26 19:23:00] Queue size: 0
[2025-10-26 19:23:02] Checking queue for commands...
[2025-10-26 19:23:02] Queue size: 0
[2025-10-26 19:23:04] Checking queue for commands...
[2025-10-26 19:23:04] Queue size: 0
[2025-10-26 19:23:06] Checking queue for commands...
[2025-10-26 19:23:06] Queue size: 0
[2025-10-26 19:23:08] Checking queue for commands...
[2025-10-26 19:23:08] Queue size: 0
[2025-10-26 19:23:10] Checking queue for commands...
[2025-10-26 19:23:10] Queue size: 0
[2025-10-26 19:23:12] Checking queue for commands...
[2025-10-26 19:23:12] Queue size: 0
[2025-10-26 19:23:14] Checking queue for commands...
[2025-10-26 19:23:14] Queue size: 0
[2025-10-26 19:23:16] Checking queue for commands...
[2025-10-26 19:23:16] Queue size: 0
[2025-10-26 19:23:18] Checking queue for commands...
[2025-10-26 19:23:18] Queue size: 0
[2025-10-26 19:23:20] Checking queue for commands...
[2025-10-26 19:23:20] Queue size: 0
[2025-10-26 19:23:22] Checking queue for commands...
[2025-10-26 19:23:22] Queue size: 0
[2025-10-26 19:23:24] Checking queue for commands...
[2025-10-26 19:23:24] Queue size: 0
[2025-10-26 19:23:26] Checking queue for commands...
[2025-10-26 19:23:26] Queue size: 0
[2025-10-26 19:23:28] Checking queue for commands...
[2025-10-26 19:23:28] Queue size: 0
[2025-10-26 19:23:30] Checking queue for commands...
[2025-10-26 19:23:30] Queue size: 0
[2025-10-26 19:23:32] Checking queue for commands...
[2025-10-26 19:23:32] Queue size: 0
[2025-10-26 19:23:34] Checking queue for commands...
[2025-10-26 19:23:34] Queue size: 0
[2025-10-26 19:23:36] Checking queue for commands...
[2025-10-26 19:23:36] Queue size: 0
[2025-10-26 19:23:38] Checking queue for commands...
[2025-10-26 19:23:38] Queue size: 0
[2025-10-26 19:23:40] Checking queue for commands...
[2025-10-26 19:23:40] Queue size: 0
[2025-10-26 19:23:42] Checking queue for commands...
[2025-10-26 19:23:42] Queue size: 0
[2025-10-26 19:23:44] Checking queue for commands...
[2025-10-26 19:23:44] Queue size: 0
[2025-10-26 19:23:46] Checking queue for commands...
[2025-10-26 19:23:46] Queue size: 0
[2025-10-26 19:23:48] Checking queue for commands...
[2025-10-26 19:23:48] Queue size: 0
[2025-10-26 19:23:50] Checking queue for commands...
[2025-10-26 19:23:50] Queue size: 0
[2025-10-26 19:23:52] Checking queue for commands...
[2025-10-26 19:23:52] Queue size: 0
[2025-10-26 19:23:54] Checking queue for commands...
[2025-10-26 19:23:54] Queue size: 0
[2025-10-26 19:23:56] Checking queue for commands...
[2025-10-26 19:23:56] Queue size: 0
[2025-10-26 19:23:58] Checking queue for commands...
[2025-10-26 19:23:58] Queue size: 0
[2025-10-26 19:24:00] Checking queue for commands...
[2025-10-26 19:24:00] Queue size: 0
[2025-10-26 19:24:02] Checking queue for commands...
[2025-10-26 19:24:02] Queue size: 0
[2025-10-26 19:24:04] Checking queue for commands...
[2025-10-26 19:24:04] Queue size: 0
[2025-10-26 19:24:06] Checking queue for commands...
[2025-10-26 19:24:06] Queue size: 0
[2025-10-26 19:24:08] Checking queue for commands...
[2025-10-26 19:24:08] Queue size: 0
[2025-10-26 19:24:10] Checking queue for commands...
[2025-10-26 19:24:10] Queue size: 0
[2025-10-26 19:24:12] Checking queue for commands...
[2025-10-26 19:24:12] Queue size: 0
[2025-10-26 19:24:14] Checking queue for commands...
[2025-10-26 19:24:14] Queue size: 0
[2025-10-26 19:24:16] Checking queue for commands...
[2025-10-26 19:24:16] Queue size: 0
[2025-10-26 19:24:18] Checking queue for commands...
[2025-10-26 19:24:18] Queue size: 0
[2025-10-26 19:24:20] Checking queue for commands...
[2025-10-26 19:24:20] Queue size: 0
[2025-10-26 19:24:22] Checking queue for commands...
[2025-10-26 19:24:22] Queue size: 0
[2025-10-26 19:24:24] Checking queue for commands...
[2025-10-26 19:24:24] Queue size: 0
[2025-10-26 19:24:26] Checking queue for commands...
[2025-10-26 19:24:26] Queue size: 0
[2025-10-26 19:24:28] Checking queue for commands...
[2025-10-26 19:24:28] Queue size: 0
[2025-10-26 19:24:30] Checking queue for commands...
[2025-10-26 19:24:30] Queue size: 0
[2025-10-26 19:24:32] Checking queue for commands...
[2025-10-26 19:24:33] Queue size: 0
[2025-10-26 19:24:35] Checking queue for commands...
[2025-10-26 19:24:35] Queue size: 0
[2025-10-26 19:24:37] Checking queue for commands...
[2025-10-26 19:24:37] Queue size: 0
[2025-10-26 19:24:39] Checking queue for commands...
[2025-10-26 19:24:39] Queue size: 0
[2025-10-26 19:24:41] Checking queue for commands...
[2025-10-26 19:24:41] Queue size: 0
[2025-10-26 19:24:43] Checking queue for commands...
[2025-10-26 19:24:43] Queue size: 0
[2025-10-26 19:24:45] Checking queue for commands...
[2025-10-26 19:24:45] Queue size: 0
[2025-10-26 19:24:47] Checking queue for commands...
[2025-10-26 19:24:47] Queue size: 0
[2025-10-26 19:24:49] Checking queue for commands...
[2025-10-26 19:24:49] Queue size: 0
[2025-10-26 19:24:51] Checking queue for commands...
[2025-10-26 19:24:51] Queue size: 0
[2025-10-26 19:24:53] Checking queue for commands...
[2025-10-26 19:24:53] Queue size: 0
[2025-10-26 19:24:55] Checking queue for commands...
[2025-10-26 19:24:55] Queue size: 0
[2025-10-26 19:24:57] Checking queue for commands...
[2025-10-26 19:24:57] Queue size: 0
[2025-10-26 19:24:59] Checking queue for commands...
[2025-10-26 19:24:59] Queue size: 0
[2025-10-26 19:25:01] Checking queue for commands...
[2025-10-26 19:25:01] Queue size: 0
[2025-10-26 19:25:03] Checking queue for commands...
[2025-10-26 19:25:03] Queue size: 0
[2025-10-26 19:25:05] Checking queue for commands...
[2025-10-26 19:25:05] Queue size: 0
[2025-10-26 19:25:07] Checking queue for commands...
[2025-10-26 19:25:07] Queue size: 0
[2025-10-26 19:25:09] Checking queue for commands...
[2025-10-26 19:25:09] Queue size: 0
[2025-10-26 19:25:11] Checking queue for commands...
[2025-10-26 19:25:11] Queue size: 0
[2025-10-26 19:25:13] Checking queue for commands...
[2025-10-26 19:25:13] Queue size: 0
[2025-10-26 19:25:15] Checking queue for commands...
[2025-10-26 19:25:15] Queue size: 0
[2025-10-26 19:25:17] Checking queue for commands...
[2025-10-26 19:25:17] Queue size: 0
[2025-10-26 19:25:19] Checking queue for commands...
[2025-10-26 19:25:19] Queue size: 0
[2025-10-26 19:25:21] Checking queue for commands...
[2025-10-26 19:25:21] Queue size: 0
[2025-10-26 19:25:23] Checking queue for commands...
[2025-10-26 19:25:23] Queue size: 0
[2025-10-26 19:28:18] Pump Service started - CORRECTED VERSION
[2025-10-26 19:28:18] Working directory: C:\laragon\www\iorpms
[2025-10-26 19:28:18] Service loop started - waiting for commands
